<?xml version="1.0" encoding="UTF-8"?>
<testsuite xmlns:xsi="http://www.w3.org/2001/XMLSchema-instance" xsi:noNamespaceSchemaLocation="https://maven.apache.org/surefire/maven-surefire-plugin/xsd/surefire-test-report-3.0.xsd" version="3.0" name="TestRunner.SmokeRunner" time="49.71" tests="9" errors="2" skipped="0" failures="0">
  <properties>
[...]
</properties>
  <testcase name="Add a new Employee" classname="Employee" time="7.885">
    <system-out><![CDATA[
@addEmp
Scenario: Add a new Employee                         &amp#27;[90m# src/test/resources/Features/AddEmployee.feature:3&amp#27;[0m
  &amp#27;[32mWhen &amp#27;[0m&amp#27;[32muser enters valid email and valid password&amp#27;[0m    &amp#27;[90m# StepDefinitions.Login.user_enters_valid_email_and_valid_password()&amp#27;[0m
  &amp#27;[32mAnd &amp#27;[0m&amp#27;[32mclick on login button&amp#27;[0m                          &amp#27;[90m# StepDefinitions.Login.click_on_login_button()&amp#27;[0m
  &amp#27;[32mWhen &amp#27;[0m&amp#27;[32muser click on PIM option&amp#27;[0m                      &amp#27;[90m# StepDefinitions.AddEmployee.user_click_on_pim_option()&amp#27;[0m
  &amp#27;[32mAnd &amp#27;[0m&amp#27;[32muser clicks on add employee button&amp#27;[0m             &amp#27;[90m# StepDefinitions.AddEmployee.user_clicks_on_add_employee_button()&amp#27;[0m
  &amp#27;[32mAnd &amp#27;[0m&amp#27;[32muser enters firstname, middlename and lastname&amp#27;[0m &amp#27;[90m# StepDefinitions.AddEmployee.user_enters_firstname_middlename_and_lastname()&amp#27;[0m

    Embedding Add a new Employee [image/png 171114 bytes]

]]></system-out>
    <system-err><![CDATA[SLF4J: Failed to load class "org.slf4j.impl.StaticLoggerBinder".
SLF4J: Defaulting to no-operation (NOP) logger implementation
SLF4J: See http://www.slf4j.org/codes.html#StaticLoggerBinder for further details.
ERROR StatusLogger Log4j2 could not find a logging implementation. Please add log4j-core to the classpath. Using SimpleLogger to log to the console...
Starting ChromeDriver 112.0.5615.49 (bd2a7bcb881c11e8cfe3078709382934e3916914-refs/branch-heads/5615@{#936}) on port 16142
Only local connections are allowed.
Please see https://chromedriver.chromium.org/security-considerations for suggestions on keeping ChromeDriver safe.
ChromeDriver was started successfully.
May 03, 2023 9:54:12 AM org.openqa.selenium.devtools.CdpVersionFinder findNearestMatch
WARNING: Unable to find an exact match for CDP version 112, so returning the closest version found: 111
log4j:WARN Continuable parsing error 4 and column 69
log4j:WARN Attribute "xmlns:log4j" with value "http://jakarta,apache.org/log4j/" must have a value of "http://jakarta.apache.org/log4j/".
log4j:WARN No such property [conversationPattern] in org.apache.log4j.PatternLayout.
]]></system-err>
  </testcase>
  <testcase name="Search employee by ID" classname="Searching the employee" time="6.706">
    <system-out><![CDATA[
@searchEmp
Scenario: Search employee by ID                   &amp#27;[90m# src/test/resources/Features/EmployeeSearch.feature:11&amp#27;[0m
  &amp#27;[32mWhen &amp#27;[0m&amp#27;[32muser enters valid email and valid password&amp#27;[0m &amp#27;[90m# StepDefinitions.Login.user_enters_valid_email_and_valid_password()&amp#27;[0m
  &amp#27;[32mAnd &amp#27;[0m&amp#27;[32mclick on login button&amp#27;[0m                       &amp#27;[90m# StepDefinitions.Login.click_on_login_button()&amp#27;[0m
  &amp#27;[32mWhen &amp#27;[0m&amp#27;[32muser click on PIM option&amp#27;[0m                   &amp#27;[90m# StepDefinitions.AddEmployee.user_click_on_pim_option()&amp#27;[0m
  &amp#27;[32mWhen &amp#27;[0m&amp#27;[32muser enters valid employee id&amp#27;[0m              &amp#27;[90m# StepDefinitions.EmployeeSearch.user_enters_valid_employee_id()&amp#27;[0m
  &amp#27;[32mAnd &amp#27;[0m&amp#27;[32muser clicks on search button&amp#27;[0m                &amp#27;[90m# StepDefinitions.EmployeeSearch.user_clicks_on_search_button()&amp#27;[0m
The employee is displayed
  &amp#27;[32mAnd &amp#27;[0m&amp#27;[32muser see employee information is displayed&amp#27;[0m  &amp#27;[90m# StepDefinitions.EmployeeSearch.user_see_employee_information_is_displayed()&amp#27;[0m

    Embedding Search employee by ID [image/png 181940 bytes]

]]></system-out>
    <system-err><![CDATA[Starting ChromeDriver 112.0.5615.49 (bd2a7bcb881c11e8cfe3078709382934e3916914-refs/branch-heads/5615@{#936}) on port 15381
Only local connections are allowed.
Please see https://chromedriver.chromium.org/security-considerations for suggestions on keeping ChromeDriver safe.
ChromeDriver was started successfully.
May 03, 2023 9:54:19 AM org.openqa.selenium.devtools.CdpVersionFinder findNearestMatch
WARNING: Unable to find an exact match for CDP version 112, so returning the closest version found: 111
log4j:WARN Continuable parsing error 4 and column 69
log4j:WARN Attribute "xmlns:log4j" with value "http://jakarta,apache.org/log4j/" must have a value of "http://jakarta.apache.org/log4j/".
log4j:WARN No such property [conversationPattern] in org.apache.log4j.PatternLayout.
]]></system-err>
  </testcase>
  <testcase name="search employee by job title" classname="Searching the employee" time="10.209">
    <system-out><![CDATA[
@seachEmp2
Scenario: search employee by job title            &amp#27;[90m# src/test/resources/Features/EmployeeSearch.feature:22&amp#27;[0m
  &amp#27;[32mWhen &amp#27;[0m&amp#27;[32muser enters valid email and valid password&amp#27;[0m &amp#27;[90m# StepDefinitions.Login.user_enters_valid_email_and_valid_password()&amp#27;[0m
  &amp#27;[32mAnd &amp#27;[0m&amp#27;[32mclick on login button&amp#27;[0m                       &amp#27;[90m# StepDefinitions.Login.click_on_login_button()&amp#27;[0m
  &amp#27;[32mWhen &amp#27;[0m&amp#27;[32muser click on PIM option&amp#27;[0m                   &amp#27;[90m# StepDefinitions.AddEmployee.user_click_on_pim_option()&amp#27;[0m
  &amp#27;[32mWhen &amp#27;[0m&amp#27;[32muser select Job title&amp#27;[0m                      &amp#27;[90m# StepDefinitions.EmployeeSearch.user_select_job_title()&amp#27;[0m
  &amp#27;[32mAnd &amp#27;[0m&amp#27;[32muser clicks on search button&amp#27;[0m                &amp#27;[90m# StepDefinitions.EmployeeSearch.user_clicks_on_search_button()&amp#27;[0m
The employee is displayed
  &amp#27;[32mAnd &amp#27;[0m&amp#27;[32muser see employee information is displayed&amp#27;[0m  &amp#27;[90m# StepDefinitions.EmployeeSearch.user_see_employee_information_is_displayed()&amp#27;[0m

    Embedding search employee by job title [image/png 254160 bytes]

]]></system-out>
    <system-err><![CDATA[Starting ChromeDriver 112.0.5615.49 (bd2a7bcb881c11e8cfe3078709382934e3916914-refs/branch-heads/5615@{#936}) on port 6904
Only local connections are allowed.
Please see https://chromedriver.chromium.org/security-considerations for suggestions on keeping ChromeDriver safe.
ChromeDriver was started successfully.
May 03, 2023 9:54:26 AM org.openqa.selenium.devtools.CdpVersionFinder findNearestMatch
WARNING: Unable to find an exact match for CDP version 112, so returning the closest version found: 111
log4j:WARN Continuable parsing error 4 and column 69
log4j:WARN Attribute "xmlns:log4j" with value "http://jakarta,apache.org/log4j/" must have a value of "http://jakarta.apache.org/log4j/".
log4j:WARN No such property [conversationPattern] in org.apache.log4j.PatternLayout.
]]></system-err>
  </testcase>
  <testcase name="Valid Admin Login #1" classname="Login Functionality" time="3.283">
    <system-out><![CDATA[
@smoke
Scenario: Valid Admin Login                       &amp#27;[90m# src/test/resources/Features/Login.feature:3&amp#27;[0m
  &amp#27;[32mWhen &amp#27;[0m&amp#27;[32muser enters valid email and valid password&amp#27;[0m &amp#27;[90m# StepDefinitions.Login.user_enters_valid_email_and_valid_password()&amp#27;[0m
  &amp#27;[32mAnd &amp#27;[0m&amp#27;[32mclick on login button&amp#27;[0m                       &amp#27;[90m# StepDefinitions.Login.click_on_login_button()&amp#27;[0m
User is logged in successfully
  &amp#27;[32mThen &amp#27;[0m&amp#27;[32muser is logged in successfully&amp#27;[0m             &amp#27;[90m# StepDefinitions.Login.user_is_logged_in_successfully()&amp#27;[0m

    Embedding Valid Admin Login [image/png 141239 bytes]

]]></system-out>
    <system-err><![CDATA[Starting ChromeDriver 112.0.5615.49 (bd2a7bcb881c11e8cfe3078709382934e3916914-refs/branch-heads/5615@{#936}) on port 23605
Only local connections are allowed.
Please see https://chromedriver.chromium.org/security-considerations for suggestions on keeping ChromeDriver safe.
ChromeDriver was started successfully.
May 03, 2023 9:54:36 AM org.openqa.selenium.devtools.CdpVersionFinder findNearestMatch
WARNING: Unable to find an exact match for CDP version 112, so returning the closest version found: 111
log4j:WARN Continuable parsing error 4 and column 69
log4j:WARN Attribute "xmlns:log4j" with value "http://jakarta,apache.org/log4j/" must have a value of "http://jakarta.apache.org/log4j/".
log4j:WARN No such property [conversationPattern] in org.apache.log4j.PatternLayout.
]]></system-err>
  </testcase>
  <testcase name="Valid Admin Login #2" classname="Login Functionality" time="3.301">
    <system-out><![CDATA[
@smoke2
Scenario: Valid Admin Login                              &amp#27;[90m# src/test/resources/Features/Login.feature:11&amp#27;[0m
  &amp#27;[32mWhen &amp#27;[0m&amp#27;[32muser enters valid &amp#27;[0m&amp#27;[32m&amp#27;[1m"admin"&amp#27;[0m&amp#27;[32m and valid &amp#27;[0m&amp#27;[32m&amp#27;[1m"Hum@nhrm123"&amp#27;[0m &amp#27;[90m# StepDefinitions.Login.user_enters_valid_and_valid(java.lang.String,java.lang.String)&amp#27;[0m
  &amp#27;[32mAnd &amp#27;[0m&amp#27;[32mclick on login button&amp#27;[0m                              &amp#27;[90m# StepDefinitions.Login.click_on_login_button()&amp#27;[0m
User is logged in successfully
  &amp#27;[32mThen &amp#27;[0m&amp#27;[32muser is logged in successfully&amp#27;[0m                    &amp#27;[90m# StepDefinitions.Login.user_is_logged_in_successfully()&amp#27;[0m

    Embedding Valid Admin Login [image/png 141239 bytes]

]]></system-out>
    <system-err><![CDATA[Starting ChromeDriver 112.0.5615.49 (bd2a7bcb881c11e8cfe3078709382934e3916914-refs/branch-heads/5615@{#936}) on port 27137
Only local connections are allowed.
Please see https://chromedriver.chromium.org/security-considerations for suggestions on keeping ChromeDriver safe.
ChromeDriver was started successfully.
May 03, 2023 9:54:39 AM org.openqa.selenium.devtools.CdpVersionFinder findNearestMatch
WARNING: Unable to find an exact match for CDP version 112, so returning the closest version found: 111
log4j:WARN Continuable parsing error 4 and column 69
log4j:WARN Attribute "xmlns:log4j" with value "http://jakarta,apache.org/log4j/" must have a value of "http://jakarta.apache.org/log4j/".
log4j:WARN No such property [conversationPattern] in org.apache.log4j.PatternLayout.
]]></system-err>
  </testcase>
  <testcase name="Login with multiple credentials using ScenarioOutline #1" classname="Login Functionality" time="3.306">
    <system-out><![CDATA[
@scenarioOutline
Scenario Outline: Login with multiple credentials using ScenarioOutline &amp#27;[90m# src/test/resources/Features/Login.feature:28&amp#27;[0m
  &amp#27;[32mWhen &amp#27;[0m&amp#27;[32muser enters valid &amp#27;[0m&amp#27;[32m&amp#27;[1m"admin"&amp#27;[0m&amp#27;[32m and valid &amp#27;[0m&amp#27;[32m&amp#27;[1m"Hum@nhrm123"&amp#27;[0m                &amp#27;[90m# StepDefinitions.Login.user_enters_valid_and_valid(java.lang.String,java.lang.String)&amp#27;[0m
  &amp#27;[32mAnd &amp#27;[0m&amp#27;[32mclick on login button&amp#27;[0m                                             &amp#27;[90m# StepDefinitions.Login.click_on_login_button()&amp#27;[0m
User is logged in successfully
  &amp#27;[32mThen &amp#27;[0m&amp#27;[32muser is logged in successfully&amp#27;[0m                                   &amp#27;[90m# StepDefinitions.Login.user_is_logged_in_successfully()&amp#27;[0m

    Embedding Login with multiple credentials using ScenarioOutline [image/png 141239 bytes]

]]></system-out>
    <system-err><![CDATA[Starting ChromeDriver 112.0.5615.49 (bd2a7bcb881c11e8cfe3078709382934e3916914-refs/branch-heads/5615@{#936}) on port 42424
Only local connections are allowed.
Please see https://chromedriver.chromium.org/security-considerations for suggestions on keeping ChromeDriver safe.
ChromeDriver was started successfully.
May 03, 2023 9:54:42 AM org.openqa.selenium.devtools.CdpVersionFinder findNearestMatch
WARNING: Unable to find an exact match for CDP version 112, so returning the closest version found: 111
log4j:WARN Continuable parsing error 4 and column 69
log4j:WARN Attribute "xmlns:log4j" with value "http://jakarta,apache.org/log4j/" must have a value of "http://jakarta.apache.org/log4j/".
log4j:WARN No such property [conversationPattern] in org.apache.log4j.PatternLayout.
]]></system-err>
  </testcase>
  <testcase name="Login with multiple credentials using ScenarioOutline #2" classname="Login Functionality" time="3.179">
    <system-out><![CDATA[
@scenarioOutline
Scenario Outline: Login with multiple credentials using ScenarioOutline &amp#27;[90m# src/test/resources/Features/Login.feature:29&amp#27;[0m
  &amp#27;[32mWhen &amp#27;[0m&amp#27;[32muser enters valid &amp#27;[0m&amp#27;[32m&amp#27;[1m"ADMIN"&amp#27;[0m&amp#27;[32m and valid &amp#27;[0m&amp#27;[32m&amp#27;[1m"Hum@nhrm123"&amp#27;[0m                &amp#27;[90m# StepDefinitions.Login.user_enters_valid_and_valid(java.lang.String,java.lang.String)&amp#27;[0m
  &amp#27;[32mAnd &amp#27;[0m&amp#27;[32mclick on login button&amp#27;[0m                                             &amp#27;[90m# StepDefinitions.Login.click_on_login_button()&amp#27;[0m
User is logged in successfully
  &amp#27;[32mThen &amp#27;[0m&amp#27;[32muser is logged in successfully&amp#27;[0m                                   &amp#27;[90m# StepDefinitions.Login.user_is_logged_in_successfully()&amp#27;[0m

    Embedding Login with multiple credentials using ScenarioOutline [image/png 141239 bytes]

]]></system-out>
    <system-err><![CDATA[Starting ChromeDriver 112.0.5615.49 (bd2a7bcb881c11e8cfe3078709382934e3916914-refs/branch-heads/5615@{#936}) on port 39968
Only local connections are allowed.
Please see https://chromedriver.chromium.org/security-considerations for suggestions on keeping ChromeDriver safe.
ChromeDriver was started successfully.
May 03, 2023 9:54:46 AM org.openqa.selenium.devtools.CdpVersionFinder findNearestMatch
WARNING: Unable to find an exact match for CDP version 112, so returning the closest version found: 111
log4j:WARN Continuable parsing error 4 and column 69
log4j:WARN Attribute "xmlns:log4j" with value "http://jakarta,apache.org/log4j/" must have a value of "http://jakarta.apache.org/log4j/".
log4j:WARN No such property [conversationPattern] in org.apache.log4j.PatternLayout.
]]></system-err>
  </testcase>
  <testcase name="Login with multiple credentials using ScenarioOutline #3" classname="Login Functionality" time="3.771">
    <error message="no such element: Unable to locate element: {&quot;method&quot;:&quot;xpath&quot;,&quot;selector&quot;:&quot;//a[contains(text(), &apos;Welcome&apos;)]&quot;}&#10;  (Session info: chrome=112.0.5615.137)&#10;For documentation on this error, please visit: https://selenium.dev/exceptions/#no_such_element&#10;Build info: version: &apos;4.8.3&apos;, revision: &apos;e5e76298c3&apos;&#10;System info: os.name: &apos;Mac OS X&apos;, os.arch: &apos;aarch64&apos;, os.version: &apos;13.2.1&apos;, java.version: &apos;20&apos;&#10;Driver info: org.openqa.selenium.chrome.ChromeDriver&#10;Command: [ef98ec582d891defc69394e6f0680257, findElement {using=xpath, value=//a[contains(text(), &apos;Welcome&apos;)]}]&#10;Capabilities {acceptInsecureCerts: false, browserName: chrome, browserVersion: 112.0.5615.137, chrome: {chromedriverVersion: 112.0.5615.49 (bd2a7bcb881c..., userDataDir: /var/folders/1t/6mln5rsn61g...}, goog:chromeOptions: {debuggerAddress: localhost:59769}, networkConnectionEnabled: false, pageLoadStrategy: normal, platformName: MAC, proxy: Proxy(), se:cdp: ws://localhost:59769/devtoo..., se:cdpVersion: 112.0.5615.137, setWindowRect: true, strictFileInteractability: false, timeouts: {implicit: 0, pageLoad: 300000, script: 30000}, unhandledPromptBehavior: dismiss and notify, webauthn:extension:credBlob: true, webauthn:extension:largeBlob: true, webauthn:extension:minPinLength: true, webauthn:extension:prf: true, webauthn:virtualAuthenticators: true}&#10;Session ID: ef98ec582d891defc69394e6f0680257" type="org.openqa.selenium.NoSuchElementException"><![CDATA[org.openqa.selenium.NoSuchElementException: 
no such element: Unable to locate element: {"method":"xpath","selector":"//a[contains(text(), 'Welcome')]"}
  (Session info: chrome=112.0.5615.137)
For documentation on this error, please visit: https://selenium.dev/exceptions/#no_such_element
Build info: version: '4.8.3', revision: 'e5e76298c3'
System info: os.name: 'Mac OS X', os.arch: 'aarch64', os.version: '13.2.1', java.version: '20'
Driver info: org.openqa.selenium.chrome.ChromeDriver
Command: [ef98ec582d891defc69394e6f0680257, findElement {using=xpath, value=//a[contains(text(), 'Welcome')]}]
Capabilities {acceptInsecureCerts: false, browserName: chrome, browserVersion: 112.0.5615.137, chrome: {chromedriverVersion: 112.0.5615.49 (bd2a7bcb881c..., userDataDir: /var/folders/1t/6mln5rsn61g...}, goog:chromeOptions: {debuggerAddress: localhost:59769}, networkConnectionEnabled: false, pageLoadStrategy: normal, platformName: MAC, proxy: Proxy(), se:cdp: ws://localhost:59769/devtoo..., se:cdpVersion: 112.0.5615.137, setWindowRect: true, strictFileInteractability: false, timeouts: {implicit: 0, pageLoad: 300000, script: 30000}, unhandledPromptBehavior: dismiss and notify, webauthn:extension:credBlob: true, webauthn:extension:largeBlob: true, webauthn:extension:minPinLength: true, webauthn:extension:prf: true, webauthn:virtualAuthenticators: true}
Session ID: ef98ec582d891defc69394e6f0680257
	at java.base/jdk.internal.reflect.DirectConstructorHandleAccessor.newInstance(DirectConstructorHandleAccessor.java:67)
	at java.base/java.lang.reflect.Constructor.newInstanceWithCaller(Constructor.java:500)
	at java.base/java.lang.reflect.Constructor.newInstance(Constructor.java:484)
	at org.openqa.selenium.remote.codec.w3c.W3CHttpResponseCodec.createException(W3CHttpResponseCodec.java:200)
	at org.openqa.selenium.remote.codec.w3c.W3CHttpResponseCodec.decode(W3CHttpResponseCodec.java:133)
	at org.openqa.selenium.remote.codec.w3c.W3CHttpResponseCodec.decode(W3CHttpResponseCodec.java:53)
	at org.openqa.selenium.remote.HttpCommandExecutor.execute(HttpCommandExecutor.java:193)
	at org.openqa.selenium.remote.service.DriverCommandExecutor.invokeExecute(DriverCommandExecutor.java:183)
	at org.openqa.selenium.remote.service.DriverCommandExecutor.execute(DriverCommandExecutor.java:158)
	at org.openqa.selenium.remote.RemoteWebDriver.execute(RemoteWebDriver.java:543)
	at org.openqa.selenium.remote.ElementLocation$ElementFinder$2.findElement(ElementLocation.java:162)
	at org.openqa.selenium.remote.ElementLocation.findElement(ElementLocation.java:60)
	at org.openqa.selenium.remote.RemoteWebDriver.findElement(RemoteWebDriver.java:352)
	at org.openqa.selenium.remote.RemoteWebDriver.findElement(RemoteWebDriver.java:344)
	at StepDefinitions.Login.user_is_logged_in_successfully(Login.java:41)
	at ✽.user is logged in successfully(file:///Users/crizzynicdao/IdeaProjects/CucumberBatch15/src/test/resources/Features/Login.feature:24)
]]></error>
    <system-out><![CDATA[
@scenarioOutline
Scenario Outline: Login with multiple credentials using ScenarioOutline &amp#27;[90m# src/test/resources/Features/Login.feature:30&amp#27;[0m
  &amp#27;[32mWhen &amp#27;[0m&amp#27;[32muser enters valid &amp#27;[0m&amp#27;[32m&amp#27;[1m"Jason"&amp#27;[0m&amp#27;[32m and valid &amp#27;[0m&amp#27;[32m&amp#27;[1m"Hum@nhrm123"&amp#27;[0m                &amp#27;[90m# StepDefinitions.Login.user_enters_valid_and_valid(java.lang.String,java.lang.String)&amp#27;[0m
  &amp#27;[32mAnd &amp#27;[0m&amp#27;[32mclick on login button&amp#27;[0m                                             &amp#27;[90m# StepDefinitions.Login.click_on_login_button()&amp#27;[0m
  &amp#27;[31mThen &amp#27;[0m&amp#27;[31muser is logged in successfully&amp#27;[0m                                   &amp#27;[90m# StepDefinitions.Login.user_is_logged_in_successfully()&amp#27;[0m
      &amp#27;[31morg.openqa.selenium.NoSuchElementException: no such element: Unable to locate element: {"method":"xpath","selector":"//a[contains(text(), 'Welcome')]"}
  (Session info: chrome=112.0.5615.137)
For documentation on this error, please visit: https://selenium.dev/exceptions/#no_such_element
Build info: version: '4.8.3', revision: 'e5e76298c3'
System info: os.name: 'Mac OS X', os.arch: 'aarch64', os.version: '13.2.1', java.version: '20'
Driver info: org.openqa.selenium.chrome.ChromeDriver
Command: [ef98ec582d891defc69394e6f0680257, findElement {using=xpath, value=//a[contains(text(), 'Welcome')]}]
Capabilities {acceptInsecureCerts: false, browserName: chrome, browserVersion: 112.0.5615.137, chrome: {chromedriverVersion: 112.0.5615.49 (bd2a7bcb881c..., userDataDir: /var/folders/1t/6mln5rsn61g...}, goog:chromeOptions: {debuggerAddress: localhost:59769}, networkConnectionEnabled: false, pageLoadStrategy: normal, platformName: MAC, proxy: Proxy(), se:cdp: ws://localhost:59769/devtoo..., se:cdpVersion: 112.0.5615.137, setWindowRect: true, strictFileInteractability: false, timeouts: {implicit: 0, pageLoad: 300000, script: 30000}, unhandledPromptBehavior: dismiss and notify, webauthn:extension:credBlob: true, webauthn:extension:largeBlob: true, webauthn:extension:minPinLength: true, webauthn:extension:prf: true, webauthn:virtualAuthenticators: true}
Session ID: ef98ec582d891defc69394e6f0680257
	at java.base/jdk.internal.reflect.DirectConstructorHandleAccessor.newInstance(DirectConstructorHandleAccessor.java:67)
	at java.base/java.lang.reflect.Constructor.newInstanceWithCaller(Constructor.java:500)
	at java.base/java.lang.reflect.Constructor.newInstance(Constructor.java:484)
	at org.openqa.selenium.remote.codec.w3c.W3CHttpResponseCodec.createException(W3CHttpResponseCodec.java:200)
	at org.openqa.selenium.remote.codec.w3c.W3CHttpResponseCodec.decode(W3CHttpResponseCodec.java:133)
	at org.openqa.selenium.remote.codec.w3c.W3CHttpResponseCodec.decode(W3CHttpResponseCodec.java:53)
	at org.openqa.selenium.remote.HttpCommandExecutor.execute(HttpCommandExecutor.java:193)
	at org.openqa.selenium.remote.service.DriverCommandExecutor.invokeExecute(DriverCommandExecutor.java:183)
	at org.openqa.selenium.remote.service.DriverCommandExecutor.execute(DriverCommandExecutor.java:158)
	at org.openqa.selenium.remote.RemoteWebDriver.execute(RemoteWebDriver.java:543)
	at org.openqa.selenium.remote.ElementLocation$ElementFinder$2.findElement(ElementLocation.java:162)
	at org.openqa.selenium.remote.ElementLocation.findElement(ElementLocation.java:60)
	at org.openqa.selenium.remote.RemoteWebDriver.findElement(RemoteWebDriver.java:352)
	at org.openqa.selenium.remote.RemoteWebDriver.findElement(RemoteWebDriver.java:344)
	at StepDefinitions.Login.user_is_logged_in_successfully(Login.java:41)
	at ✽.user is logged in successfully(file:///Users/crizzynicdao/IdeaProjects/CucumberBatch15/src/test/resources/Features/Login.feature:24)
&amp#27;[0m

    Embedding Login with multiple credentials using ScenarioOutline [image/png 253392 bytes]

]]></system-out>
    <system-err><![CDATA[Starting ChromeDriver 112.0.5615.49 (bd2a7bcb881c11e8cfe3078709382934e3916914-refs/branch-heads/5615@{#936}) on port 35918
Only local connections are allowed.
Please see https://chromedriver.chromium.org/security-considerations for suggestions on keeping ChromeDriver safe.
ChromeDriver was started successfully.
May 03, 2023 9:54:49 AM org.openqa.selenium.devtools.CdpVersionFinder findNearestMatch
WARNING: Unable to find an exact match for CDP version 112, so returning the closest version found: 111
log4j:WARN Continuable parsing error 4 and column 69
log4j:WARN Attribute "xmlns:log4j" with value "http://jakarta,apache.org/log4j/" must have a value of "http://jakarta.apache.org/log4j/".
log4j:WARN No such property [conversationPattern] in org.apache.log4j.PatternLayout.
]]></system-err>
  </testcase>
  <testcase name="Login with multiple credentials using data table" classname="Login Functionality" time="7.729">
    <error message="no such element: Unable to locate element: {&quot;method&quot;:&quot;css selector&quot;,&quot;selector&quot;:&quot;#welcome&quot;}&#10;  (Session info: chrome=112.0.5615.137)&#10;For documentation on this error, please visit: https://selenium.dev/exceptions/#no_such_element&#10;Build info: version: &apos;4.8.3&apos;, revision: &apos;e5e76298c3&apos;&#10;System info: os.name: &apos;Mac OS X&apos;, os.arch: &apos;aarch64&apos;, os.version: &apos;13.2.1&apos;, java.version: &apos;20&apos;&#10;Driver info: org.openqa.selenium.chrome.ChromeDriver&#10;Command: [94d559900ed93fd0daad2eaaed2acc3a, findElement {using=id, value=welcome}]&#10;Capabilities {acceptInsecureCerts: false, browserName: chrome, browserVersion: 112.0.5615.137, chrome: {chromedriverVersion: 112.0.5615.49 (bd2a7bcb881c..., userDataDir: /var/folders/1t/6mln5rsn61g...}, goog:chromeOptions: {debuggerAddress: localhost:59785}, networkConnectionEnabled: false, pageLoadStrategy: normal, platformName: MAC, proxy: Proxy(), se:cdp: ws://localhost:59785/devtoo..., se:cdpVersion: 112.0.5615.137, setWindowRect: true, strictFileInteractability: false, timeouts: {implicit: 0, pageLoad: 300000, script: 30000}, unhandledPromptBehavior: dismiss and notify, webauthn:extension:credBlob: true, webauthn:extension:largeBlob: true, webauthn:extension:minPinLength: true, webauthn:extension:prf: true, webauthn:virtualAuthenticators: true}&#10;Session ID: 94d559900ed93fd0daad2eaaed2acc3a" type="org.openqa.selenium.NoSuchElementException"><![CDATA[org.openqa.selenium.NoSuchElementException: 
no such element: Unable to locate element: {"method":"css selector","selector":"#welcome"}
  (Session info: chrome=112.0.5615.137)
For documentation on this error, please visit: https://selenium.dev/exceptions/#no_such_element
Build info: version: '4.8.3', revision: 'e5e76298c3'
System info: os.name: 'Mac OS X', os.arch: 'aarch64', os.version: '13.2.1', java.version: '20'
Driver info: org.openqa.selenium.chrome.ChromeDriver
Command: [94d559900ed93fd0daad2eaaed2acc3a, findElement {using=id, value=welcome}]
Capabilities {acceptInsecureCerts: false, browserName: chrome, browserVersion: 112.0.5615.137, chrome: {chromedriverVersion: 112.0.5615.49 (bd2a7bcb881c..., userDataDir: /var/folders/1t/6mln5rsn61g...}, goog:chromeOptions: {debuggerAddress: localhost:59785}, networkConnectionEnabled: false, pageLoadStrategy: normal, platformName: MAC, proxy: Proxy(), se:cdp: ws://localhost:59785/devtoo..., se:cdpVersion: 112.0.5615.137, setWindowRect: true, strictFileInteractability: false, timeouts: {implicit: 0, pageLoad: 300000, script: 30000}, unhandledPromptBehavior: dismiss and notify, webauthn:extension:credBlob: true, webauthn:extension:largeBlob: true, webauthn:extension:minPinLength: true, webauthn:extension:prf: true, webauthn:virtualAuthenticators: true}
Session ID: 94d559900ed93fd0daad2eaaed2acc3a
	at java.base/jdk.internal.reflect.DirectConstructorHandleAccessor.newInstance(DirectConstructorHandleAccessor.java:67)
	at java.base/java.lang.reflect.Constructor.newInstanceWithCaller(Constructor.java:500)
	at java.base/java.lang.reflect.Constructor.newInstance(Constructor.java:484)
	at org.openqa.selenium.remote.codec.w3c.W3CHttpResponseCodec.createException(W3CHttpResponseCodec.java:200)
	at org.openqa.selenium.remote.codec.w3c.W3CHttpResponseCodec.decode(W3CHttpResponseCodec.java:133)
	at org.openqa.selenium.remote.codec.w3c.W3CHttpResponseCodec.decode(W3CHttpResponseCodec.java:53)
	at org.openqa.selenium.remote.HttpCommandExecutor.execute(HttpCommandExecutor.java:193)
	at org.openqa.selenium.remote.service.DriverCommandExecutor.invokeExecute(DriverCommandExecutor.java:183)
	at org.openqa.selenium.remote.service.DriverCommandExecutor.execute(DriverCommandExecutor.java:158)
	at org.openqa.selenium.remote.RemoteWebDriver.execute(RemoteWebDriver.java:543)
	at org.openqa.selenium.remote.ElementLocation$ElementFinder$2.findElement(ElementLocation.java:162)
	at org.openqa.selenium.remote.ElementLocation.findElement(ElementLocation.java:60)
	at org.openqa.selenium.remote.RemoteWebDriver.findElement(RemoteWebDriver.java:352)
	at org.openqa.selenium.remote.RemoteWebDriver.findElement(RemoteWebDriver.java:344)
	at org.openqa.selenium.support.pagefactory.DefaultElementLocator.findElement(DefaultElementLocator.java:70)
	at org.openqa.selenium.support.pagefactory.internal.LocatingElementHandler.invoke(LocatingElementHandler.java:39)
	at jdk.proxy2/jdk.proxy2.$Proxy23.click(Unknown Source)
	at Utils.CommonMethods.doClick(CommonMethods.java:66)
	at StepDefinitions.Login.user_enters_username_and_password_and_verifies_login(Login.java:71)
	at ✽.user enters username and password and verifies login(file:///Users/crizzynicdao/IdeaProjects/CucumberBatch15/src/test/resources/Features/Login.feature:35)
]]></error>
    <system-out><![CDATA[
@dataTable
Scenario: Login with multiple credentials using data table  &amp#27;[90m# src/test/resources/Features/Login.feature:34&amp#27;[0m
  &amp#27;[31mWhen &amp#27;[0m&amp#27;[31muser enters username and password and verifies login&amp#27;[0m &amp#27;[90m# StepDefinitions.Login.user_enters_username_and_password_and_verifies_login(io.cucumber.datatable.DataTable)&amp#27;[0m
    | username | password    |
    | admin    | Hum@nhrm123 |
    | ADMIN    | Hum@nhrm123 |
    | Jason    | Hum@nhrm123 |
      &amp#27;[31morg.openqa.selenium.NoSuchElementException: no such element: Unable to locate element: {"method":"css selector","selector":"#welcome"}
  (Session info: chrome=112.0.5615.137)
For documentation on this error, please visit: https://selenium.dev/exceptions/#no_such_element
Build info: version: '4.8.3', revision: 'e5e76298c3'
System info: os.name: 'Mac OS X', os.arch: 'aarch64', os.version: '13.2.1', java.version: '20'
Driver info: org.openqa.selenium.chrome.ChromeDriver
Command: [94d559900ed93fd0daad2eaaed2acc3a, findElement {using=id, value=welcome}]
Capabilities {acceptInsecureCerts: false, browserName: chrome, browserVersion: 112.0.5615.137, chrome: {chromedriverVersion: 112.0.5615.49 (bd2a7bcb881c..., userDataDir: /var/folders/1t/6mln5rsn61g...}, goog:chromeOptions: {debuggerAddress: localhost:59785}, networkConnectionEnabled: false, pageLoadStrategy: normal, platformName: MAC, proxy: Proxy(), se:cdp: ws://localhost:59785/devtoo..., se:cdpVersion: 112.0.5615.137, setWindowRect: true, strictFileInteractability: false, timeouts: {implicit: 0, pageLoad: 300000, script: 30000}, unhandledPromptBehavior: dismiss and notify, webauthn:extension:credBlob: true, webauthn:extension:largeBlob: true, webauthn:extension:minPinLength: true, webauthn:extension:prf: true, webauthn:virtualAuthenticators: true}
Session ID: 94d559900ed93fd0daad2eaaed2acc3a
	at java.base/jdk.internal.reflect.DirectConstructorHandleAccessor.newInstance(DirectConstructorHandleAccessor.java:67)
	at java.base/java.lang.reflect.Constructor.newInstanceWithCaller(Constructor.java:500)
	at java.base/java.lang.reflect.Constructor.newInstance(Constructor.java:484)
	at org.openqa.selenium.remote.codec.w3c.W3CHttpResponseCodec.createException(W3CHttpResponseCodec.java:200)
	at org.openqa.selenium.remote.codec.w3c.W3CHttpResponseCodec.decode(W3CHttpResponseCodec.java:133)
	at org.openqa.selenium.remote.codec.w3c.W3CHttpResponseCodec.decode(W3CHttpResponseCodec.java:53)
	at org.openqa.selenium.remote.HttpCommandExecutor.execute(HttpCommandExecutor.java:193)
	at org.openqa.selenium.remote.service.DriverCommandExecutor.invokeExecute(DriverCommandExecutor.java:183)
	at org.openqa.selenium.remote.service.DriverCommandExecutor.execute(DriverCommandExecutor.java:158)
	at org.openqa.selenium.remote.RemoteWebDriver.execute(RemoteWebDriver.java:543)
	at org.openqa.selenium.remote.ElementLocation$ElementFinder$2.findElement(ElementLocation.java:162)
	at org.openqa.selenium.remote.ElementLocation.findElement(ElementLocation.java:60)
	at org.openqa.selenium.remote.RemoteWebDriver.findElement(RemoteWebDriver.java:352)
	at org.openqa.selenium.remote.RemoteWebDriver.findElement(RemoteWebDriver.java:344)
	at org.openqa.selenium.support.pagefactory.DefaultElementLocator.findElement(DefaultElementLocator.java:70)
	at org.openqa.selenium.support.pagefactory.internal.LocatingElementHandler.invoke(LocatingElementHandler.java:39)
	at jdk.proxy2/jdk.proxy2.$Proxy23.click(Unknown Source)
	at Utils.CommonMethods.doClick(CommonMethods.java:66)
	at StepDefinitions.Login.user_enters_username_and_password_and_verifies_login(Login.java:71)
	at ✽.user enters username and password and verifies login(file:///Users/crizzynicdao/IdeaProjects/CucumberBatch15/src/test/resources/Features/Login.feature:35)
&amp#27;[0m

    Embedding Login with multiple credentials using data table [image/png 253392 bytes]

]]></system-out>
    <system-err><![CDATA[Starting ChromeDriver 112.0.5615.49 (bd2a7bcb881c11e8cfe3078709382934e3916914-refs/branch-heads/5615@{#936}) on port 39841
Only local connections are allowed.
Please see https://chromedriver.chromium.org/security-considerations for suggestions on keeping ChromeDriver safe.
ChromeDriver was started successfully.
May 03, 2023 9:54:53 AM org.openqa.selenium.devtools.CdpVersionFinder findNearestMatch
WARNING: Unable to find an exact match for CDP version 112, so returning the closest version found: 111
log4j:WARN Continuable parsing error 4 and column 69
log4j:WARN Attribute "xmlns:log4j" with value "http://jakarta,apache.org/log4j/" must have a value of "http://jakarta.apache.org/log4j/".
log4j:WARN No such property [conversationPattern] in org.apache.log4j.PatternLayout.
]]></system-err>
  </testcase>
</testsuite>